# JRE version: Java(TM) SE Runtime Environment (8.0_92-b14) (build 1.8.0_92-b14)
# Java VM: Java HotSpot(TM) Client VM (25.92-b14 mixed mode windows-x86 )
Heap:
 def new generation   total 39424K, used 36511K [0x04600000, 0x070c0000, 0x0f0a0000)
  eden space 35072K,  99% used [0x04600000, 0x0683c088, 0x06840000)
  from space 4352K,  33% used [0x06c80000, 0x06debbe0, 0x070c0000)
  to   space 4352K,   0% used [0x06840000, 0x06840000, 0x06c80000)
 tenured generation   total 87424K, used 71888K [0x0f0a0000, 0x14600000, 0x24600000)
   the space 87424K,  82% used [0x0f0a0000, 0x136d4050, 0x136d4200, 0x14600000)
 Metaspace       used 19333K, capacity 19813K, committed 19840K, reserved 19840K
GC Heap History (10 events):
Event: 114402.953 GC heap before
{Heap before GC invocations=562 (full 1):
 def new generation   total 39424K, used 35878K [0x04600000, 0x070c0000, 0x0f0a0000)
  eden space 35072K, 100% used [0x04600000, 0x06840000, 0x06840000)
  from space 4352K,  18% used [0x06840000, 0x06909820, 0x06c80000)
  to   space 4352K,   0% used [0x06c80000, 0x06c80000, 0x070c0000)
 tenured generation   total 87424K, used 71881K [0x0f0a0000, 0x14600000, 0x24600000)
   the space 87424K,  82% used [0x0f0a0000, 0x136d26f8, 0x136d2800, 0x14600000)
 Metaspace       used 19333K, capacity 19813K, committed 19840K, reserved 19840K
Event: 114402.962 GC heap after
Heap after GC invocations=563 (full 1):
 def new generation   total 39424K, used 768K [0x04600000, 0x070c0000, 0x0f0a0000)
  eden space 35072K,   0% used [0x04600000, 0x04600000, 0x06840000)
  from space 4352K,  17% used [0x06c80000, 0x06d40310, 0x070c0000)
  to   space 4352K,   0% used [0x06840000, 0x06840000, 0x06c80000)
 tenured generation   total 87424K, used 71881K [0x0f0a0000, 0x14600000, 0x24600000)
   the space 87424K,  82% used [0x0f0a0000, 0x136d26f8, 0x136d2800, 0x14600000)
 Metaspace       used 19333K, capacity 19813K, committed 19840K, reserved 19840K
}
Event: 114588.065 GC heap before
{Heap before GC invocations=563 (full 1):
 def new generation   total 39424K, used 35840K [0x04600000, 0x070c0000, 0x0f0a0000)
  eden space 35072K, 100% used [0x04600000, 0x06840000, 0x06840000)
  from space 4352K,  17% used [0x06c80000, 0x06d40310, 0x070c0000)
  to   space 4352K,   0% used [0x06840000, 0x06840000, 0x06c80000)
 tenured generation   total 87424K, used 71881K [0x0f0a0000, 0x14600000, 0x24600000)
   the space 87424K,  82% used [0x0f0a0000, 0x136d26f8, 0x136d2800, 0x14600000)
 Metaspace       used 19333K, capacity 19813K, committed 19840K, reserved 19840K
Event: 114588.069 GC heap after
Heap after GC invocations=564 (full 1):
 def new generation   total 39424K, used 693K [0x04600000, 0x070c0000, 0x0f0a0000)
  eden space 35072K,   0% used [0x04600000, 0x04600000, 0x06840000)
  from space 4352K,  15% used [0x06840000, 0x068ed4f0, 0x06c80000)
  to   space 4352K,   0% used [0x06c80000, 0x06c80000, 0x070c0000)
 tenured generation   total 87424K, used 71881K [0x0f0a0000, 0x14600000, 0x24600000)
   the space 87424K,  82% used [0x0f0a0000, 0x136d26f8, 0x136d2800, 0x14600000)
 Metaspace       used 19333K, capacity 19813K, committed 19840K, reserved 19840K
}
Event: 114681.939 GC heap before
{Heap before GC invocations=564 (full 1):
 def new generation   total 39424K, used 35765K [0x04600000, 0x070c0000, 0x0f0a0000)
  eden space 35072K, 100% used [0x04600000, 0x06840000, 0x06840000)
  from space 4352K,  15% used [0x06840000, 0x068ed4f0, 0x06c80000)
  to   space 4352K,   0% used [0x06c80000, 0x06c80000, 0x070c0000)
 tenured generation   total 87424K, used 71881K [0x0f0a0000, 0x14600000, 0x24600000)
   the space 87424K,  82% used [0x0f0a0000, 0x136d26f8, 0x136d2800, 0x14600000)
 Metaspace       used 19333K, capacity 19813K, committed 19840K, reserved 19840K
Event: 114681.945 GC heap after
Heap after GC invocations=565 (full 1):
 def new generation   total 39424K, used 713K [0x04600000, 0x070c0000, 0x0f0a0000)
  eden space 35072K,   0% used [0x04600000, 0x04600000, 0x06840000)
  from space 4352K,  16% used [0x06c80000, 0x06d32660, 0x070c0000)
  to   space 4352K,   0% used [0x06840000, 0x06840000, 0x06c80000)
 tenured generation   total 87424K, used 71881K [0x0f0a0000, 0x14600000, 0x24600000)
   the space 87424K,  82% used [0x0f0a0000, 0x136d26f8, 0x136d2800, 0x14600000)
 Metaspace       used 19333K, capacity 19813K, committed 19840K, reserved 19840K
}
Event: 114856.951 GC heap before
{Heap before GC invocations=565 (full 1):
 def new generation   total 39424K, used 35785K [0x04600000, 0x070c0000, 0x0f0a0000)
  eden space 35072K, 100% used [0x04600000, 0x06840000, 0x06840000)
  from space 4352K,  16% used [0x06c80000, 0x06d32660, 0x070c0000)
  to   space 4352K,   0% used [0x06840000, 0x06840000, 0x06c80000)
 tenured generation   total 87424K, used 71881K [0x0f0a0000, 0x14600000, 0x24600000)
   the space 87424K,  82% used [0x0f0a0000, 0x136d26f8, 0x136d2800, 0x14600000)
 Metaspace       used 19333K, capacity 19813K, committed 19840K, reserved 19840K
Event: 114856.959 GC heap after
Heap after GC invocations=566 (full 1):
 def new generation   total 39424K, used 519K [0x04600000, 0x070c0000, 0x0f0a0000)
  eden space 35072K,   0% used [0x04600000, 0x04600000, 0x06840000)
  from space 4352K,  11% used [0x06840000, 0x068c1d88, 0x06c80000)
  to   space 4352K,   0% used [0x06c80000, 0x06c80000, 0x070c0000)
 tenured generation   total 87424K, used 71881K [0x0f0a0000, 0x14600000, 0x24600000)
   the space 87424K,  82% used [0x0f0a0000, 0x136d26f8, 0x136d2800, 0x14600000)
 Metaspace       used 19333K, capacity 19813K, committed 19840K, reserved 19840K
}
Event: 114931.854 GC heap before
{Heap before GC invocations=566 (full 1):
 def new generation   total 39424K, used 35591K [0x04600000, 0x070c0000, 0x0f0a0000)
  eden space 35072K, 100% used [0x04600000, 0x06840000, 0x06840000)
  from space 4352K,  11% used [0x06840000, 0x068c1d88, 0x06c80000)
  to   space 4352K,   0% used [0x06c80000, 0x06c80000, 0x070c0000)
 tenured generation   total 87424K, used 71881K [0x0f0a0000, 0x14600000, 0x24600000)
   the space 87424K,  82% used [0x0f0a0000, 0x136d26f8, 0x136d2800, 0x14600000)
 Metaspace       used 19333K, capacity 19813K, committed 19840K, reserved 19840K
Event: 114931.864 GC heap after
Heap after GC invocations=567 (full 1):
 def new generation   total 39424K, used 1454K [0x04600000, 0x070c0000, 0x0f0a0000)
  eden space 35072K,   0% used [0x04600000, 0x04600000, 0x06840000)
  from space 4352K,  33% used [0x06c80000, 0x06debbe0, 0x070c0000)
  to   space 4352K,   0% used [0x06840000, 0x06840000, 0x06c80000)
 tenured generation   total 87424K, used 71888K [0x0f0a0000, 0x14600000, 0x24600000)
   the space 87424K,  82% used [0x0f0a0000, 0x136d4050, 0x136d4200, 0x14600000)
 Metaspace       used 19333K, capacity 19813K, committed 19840K, reserved 19840K
}

